d:\bps2\bubble puzzle shooter 2\debug\bubble puzzle shooter 2.lib
d:\bps2\bubble puzzle shooter 2\debug\bubble puzzle shooter 2.exp
d:\bps2\bubble puzzle shooter 2\bubble puzzle shooter 2\debug\vc141.pdb
d:\bps2\bubble puzzle shooter 2\bubble puzzle shooter 2\debug\vc141.idb
d:\bps2\bubble puzzle shooter 2\bubble puzzle shooter 2\debug\types.obj
d:\bps2\bubble puzzle shooter 2\bubble puzzle shooter 2\debug\screen.obj
d:\bps2\bubble puzzle shooter 2\bubble puzzle shooter 2\debug\main.obj
d:\bps2\bubble puzzle shooter 2\bubble puzzle shooter 2\debug\utils.obj
d:\bps2\bubble puzzle shooter 2\bubble puzzle shooter 2\debug\engine.obj
d:\bps2\bubble puzzle shooter 2\bubble puzzle shooter 2\debug\bubbles.obj
d:\bps2\bubble puzzle shooter 2\bubble puzzle shooter 2\debug\assets.obj
d:\bps2\bubble puzzle shooter 2\debug\bubble puzzle shooter 2.exe
d:\bps2\bubble puzzle shooter 2\debug\bubble puzzle shooter 2.ilk
d:\bps2\bubble puzzle shooter 2\debug\bubble puzzle shooter 2.pdb
d:\bps2\bubble puzzle shooter 2\bubble puzzle shooter 2\debug\bubble p.3606f396.tlog\bubble puzzle shooter 2.write.1u.tlog
d:\bps2\bubble puzzle shooter 2\bubble puzzle shooter 2\debug\bubble p.3606f396.tlog\cl.command.1.tlog
d:\bps2\bubble puzzle shooter 2\bubble puzzle shooter 2\debug\bubble p.3606f396.tlog\cl.read.1.tlog
d:\bps2\bubble puzzle shooter 2\bubble puzzle shooter 2\debug\bubble p.3606f396.tlog\cl.write.1.tlog
d:\bps2\bubble puzzle shooter 2\bubble puzzle shooter 2\debug\bubble p.3606f396.tlog\link.command.1.tlog
d:\bps2\bubble puzzle shooter 2\bubble puzzle shooter 2\debug\bubble p.3606f396.tlog\link.read.1.tlog
d:\bps2\bubble puzzle shooter 2\bubble puzzle shooter 2\debug\bubble p.3606f396.tlog\link.write.1.tlog
